Base path: /Applications/Unity/Unity.app/Contents
Pipe name: \\.\pipe\UnityShaderCompiler-1--1606127148
Cmd: getPlatforms
Cmd: preprocess
  insize=12991 outsize=3372 ok=1
Cmd: preprocess
  insize=818 outsize=818 ok=1
Cmd: preprocess
  insize=10732 outsize=2884 ok=1
Cmd: preprocess
  insize=19864 outsize=6899 ok=1
Cmd: preprocess
  insize=11622 outsize=4025 ok=1
Cmd: preprocess
  insize=3215 outsize=1999 ok=1
Cmd: preprocess
  insize=472 outsize=472 ok=1
Cmd: preprocess
  insize=35345 outsize=7351 ok=1
Cmd: preprocess
  insize=13598 outsize=3826 ok=1
Cmd: preprocess
  insize=18806 outsize=5502 ok=1
Cmd: preprocess
  insize=835 outsize=835 ok=1
Cmd: preprocess
  insize=730 outsize=730 ok=1
Cmd: preprocess
  insize=11162 outsize=3103 ok=1
Cmd: preprocess
  insize=5900 outsize=3618 ok=1
Cmd: preprocess
  insize=608 outsize=608 ok=1
Cmd: preprocess
  insize=1355 outsize=1355 ok=1
Cmd: preprocess
  insize=12011 outsize=3860 ok=1
Cmd: preprocess
  insize=316 outsize=316 ok=1
Cmd: preprocess
  insize=634 outsize=634 ok=1
Cmd: preprocess
  insize=21312 outsize=5234 ok=1
Cmd: preprocess
  insize=963 outsize=963 ok=1
Cmd: preprocess
  insize=12140 outsize=4954 ok=1
